-------------------------------------------------------------------------------
Test set: MyTest
-------------------------------------------------------------------------------
Tests run: 1, Failures: 1, Errors: 0, Skipped: 0, Time elapsed: 0.013 s <<< FAILURE! - in MyTest
test  Time elapsed: 0.01 s  <<< FAILURE!
org.opentest4j.AssertionFailedError: Not yet implemented
	at MyTest.test(MyTest.java:14)

